Running: C:\Xilinx\14.6\ISE_DS\ISE\bin\nt64\unwrapped\fuse.exe -intstyle ise -incremental -lib secureip -o C:/Users/vthangar/Documents/counter/nBitCounter/nBitCounter_TB_isim_beh.exe -prj C:/Users/vthangar/Documents/counter/nBitCounter/nBitCounter_TB_beh.prj work.nBitCounter_TB 
ISim P.68d (signature 0x7708f090)
Number of CPUs detected in this system: 4
Turning on mult-threading, number of parallel sub-compilation jobs: 8 
Determining compilation order of HDL files
Parsing VHDL file "C:/Users/vthangar/Documents/counter/nBitCounter/nBitCounter.vhd" into library work
Parsing VHDL file "C:/Users/vthangar/Documents/counter/nBitCounter/nBitCounter_TB.vhd" into library work
Starting static elaboration
Completed static elaboration
Compiling package standard
Compiling package std_logic_1164
Compiling package std_logic_arith
Compiling package std_logic_unsigned
Compiling architecture behavioral of entity nBitCounter [\nBitCounter(8)\]
Compiling architecture behavior of entity nbitcounter_tb
Time Resolution for simulation is 1ps.
Waiting for 1 sub-compilation(s) to finish...
Compiled 7 VHDL Units
Built simulation executable C:/Users/vthangar/Documents/counter/nBitCounter/nBitCounter_TB_isim_beh.exe
Fuse Memory Usage: 33176 KB
Fuse CPU Usage: 420 ms
