ISim log file
Running: C:\Users\vthangar\Documents\counter\nBitCounter\nBitCounter_TB_isim_beh.exe -intstyle ise -gui -tclbatch isim.cmd -wdb C:/Users/vthangar/Documents/counter/nBitCounter/nBitCounter_TB_isim_beh.wdb 
ISim P.68d (signature 0x7708f090)
----------------------------------------------------------------------
INFO:Security:50 - The XILINXD_LICENSE_FILE environment variable is set to '27003@licensing.islab.soe.uoguelph.ca'.
INFO:Security:52 - The LM_LICENSE_FILE environment variable is set to '27000@soesys1.soe.uoguelph.ca;27001@licensing.islab.soe.uoguelph.ca;27015@licensing.islab.soe.uoguelph.ca;27016@licensing.islab.soe.uoguelph.ca'.
WARNING:Security:43 - No license file was found in the standard Xilinx license directory.
WARNING:Security:44 - Since no license file was found,
       please run the Xilinx License Configuration Manager
       (xlcm or "Manage Xilinx Licenses")
       to assist in obtaining a license.
WARNING:Security:42 - Your software subscription period has lapsed. Your current version of Xilinx tools will continue to function, but you no longer qualify for Xilinx software updates or new releases.


----------------------------------------------------------------------
This is a Full version of ISim.
Time resolution is 1 ps
# onerror resume
# wave add /
# run 1000 ns
Simulator is doing circuit initialization process.
Finished circuit initialization process.
at 5 ns(1), Instance /nbitcounter_tb/uut/ : Warning: There is an 'U'|'X'|'W'|'Z'|'-' in an arithmetic operand, the result will be 'X'(es).
